<?xml version="1.0" encoding="UTF-8"?>
<!-- Generated by org.testng.reporters.JUnitXMLReporter -->
<testsuite hostname="DESKTOP-GQF8HD8" ignored="3" name="Test" tests="2" failures="0" timestamp="21 May 2019 18:10:25 GMT" time="4.782" errors="0">
  <testcase name="@AfterMethod afterEachTestEnd" time="0.01" classname="com.Library.BasePage">
    <failure type="java.lang.AssertionError" message="expected [true] but found [false]">
      <![CDATA[java.lang.AssertionError: expected [true] but found [false]
	at com.Library.seleniumRepository.screenShot(seleniumRepository.java:192)
	at com.Library.BasePage.afterEachTestEnd(BasePage.java:34)
... Removed 31 stack frames]]>
    </failure>
  </testcase> <!-- @AfterMethod afterEachTestEnd -->
  <testcase name="@BeforeMethod beforeEachTestStart" time="0.0" classname="com.Library.BasePage">
    <skipped/>
  </testcase> <!-- @BeforeMethod beforeEachTestStart -->
  <testcase name="smoke_Test" time="0.009" classname="com.MercuryTours_Pages.A_MercuryTours_HomePage"/>
  <testcase name="signIn" time="0.002" classname="com.MercuryTours_Pages.A_MercuryTours_HomePage">
    <skipped/>
  </testcase> <!-- signIn -->
  <testcase name="bookFlight" time="0.0" classname="com.MercuryTours_Pages.B_MercuryTours_Dep_Return">
    <ignored/>
  </testcase> <!-- bookFlight -->
  <testcase name="Departure_Return" time="0.0" classname="com.MercuryTours_Pages.B_MercuryTours_Dep_Return">
    <ignored/>
  </testcase> <!-- Departure_Return -->
  <testcase name="register" time="0.0" classname="com.MercuryTours_Pages.C_MercuryTours_Regiseter">
    <ignored/>
  </testcase> <!-- register -->
</testsuite> <!-- Test -->
