<?xml version="1.0" encoding="UTF-8"?>
<testng-results skipped="1" failed="0" ignored="3" total="5" passed="1">
  <reporter-output>
  </reporter-output>
  <suite name="Suite" duration-ms="4782" started-at="2019-05-21T18:10:20Z" finished-at="2019-05-21T18:10:25Z">
    <groups>
      <group name="Smoke_Test">
        <method signature="A_MercuryTours_HomePage.signIn()[pri:1, instance:com.MercuryTours_Pages.A_MercuryTours_HomePage@c038203]" name="signIn" class="com.MercuryTours_Pages.A_MercuryTours_HomePage"/>
        <method signature="A_MercuryTours_HomePage.smoke_Test()[pri:0, instance:com.MercuryTours_Pages.A_MercuryTours_HomePage@c038203]" name="smoke_Test" class="com.MercuryTours_Pages.A_MercuryTours_HomePage"/>
      </group> <!-- Smoke_Test -->
      <group name="Regrission_Test">
        <method signature="A_MercuryTours_HomePage.signIn()[pri:1, instance:com.MercuryTours_Pages.A_MercuryTours_HomePage@c038203]" name="signIn" class="com.MercuryTours_Pages.A_MercuryTours_HomePage"/>
        <method signature="A_MercuryTours_HomePage.smoke_Test()[pri:0, instance:com.MercuryTours_Pages.A_MercuryTours_HomePage@c038203]" name="smoke_Test" class="com.MercuryTours_Pages.A_MercuryTours_HomePage"/>
      </group> <!-- Regrission_Test -->
    </groups>
    <test name="Test" duration-ms="4782" started-at="2019-05-21T18:10:20Z" finished-at="2019-05-21T18:10:25Z">
      <class name="com.MercuryTours_Pages.A_MercuryTours_HomePage">
        <test-method status="PASS" signature="beforeAllClassesStare()[pri:0, instance:com.MercuryTours_Pages.A_MercuryTours_HomePage@c038203]" name="beforeAllClassesStare" is-config="true" duration-ms="38" started-at="2019-05-21T14:10:20Z" finished-at="2019-05-21T14:10:20Z">
          <reporter-output>
          </reporter-output>
        </test-method> <!-- beforeAllClassesStare -->
        <test-method status="PASS" signature="beforeEachTestStart()[pri:0, instance:com.MercuryTours_Pages.A_MercuryTours_HomePage@c038203]" name="beforeEachTestStart" is-config="true" duration-ms="4649" started-at="2019-05-21T14:10:20Z" finished-at="2019-05-21T14:10:25Z">
          <reporter-output>
          </reporter-output>
        </test-method> <!-- beforeEachTestStart -->
        <test-method status="PASS" signature="smoke_Test()[pri:0, instance:com.MercuryTours_Pages.A_MercuryTours_HomePage@c038203]" name="smoke_Test" duration-ms="9" started-at="2019-05-21T14:10:25Z" finished-at="2019-05-21T14:10:25Z">
          <reporter-output>
          </reporter-output>
        </test-method> <!-- smoke_Test -->
        <test-method status="FAIL" signature="afterEachTestEnd()[pri:0, instance:com.MercuryTours_Pages.A_MercuryTours_HomePage@c038203]" name="afterEachTestEnd" is-config="true" duration-ms="10" started-at="2019-05-21T14:10:25Z" finished-at="2019-05-21T14:10:25Z">
          <exception class="java.lang.AssertionError">
            <message>
              <![CDATA[expected [true] but found [false]]]>
            </message>
            <full-stacktrace>
              <![CDATA[java.lang.AssertionError: expected [true] but found [false]
	at org.testng.Assert.fail(Assert.java:93)
	at org.testng.Assert.failNotEquals(Assert.java:512)
	at org.testng.Assert.assertTrue(Assert.java:41)
	at org.testng.Assert.assertTrue(Assert.java:51)
	at com.Library.seleniumRepository.screenShot(seleniumRepository.java:192)
	at com.Library.BasePage.afterEachTestEnd(BasePage.java:34)
	at sun.reflect.NativeMethodAccessorImpl.invoke0(Native Method)
	at sun.reflect.NativeMethodAccessorImpl.invoke(NativeMethodAccessorImpl.java:62)
	at sun.reflect.DelegatingMethodAccessorImpl.invoke(DelegatingMethodAccessorImpl.java:43)
	at java.lang.reflect.Method.invoke(Method.java:498)
	at org.testng.internal.MethodInvocationHelper.invokeMethod(MethodInvocationHelper.java:108)
	at org.testng.internal.Invoker.invokeConfigurationMethod(Invoker.java:523)
	at org.testng.internal.Invoker.invokeConfigurations(Invoker.java:224)
	at org.testng.internal.Invoker.invokeMethod(Invoker.java:723)
	at org.testng.internal.Invoker.invokeTestMethod(Invoker.java:869)
	at org.testng.internal.Invoker.invokeTestMethods(Invoker.java:1193)
	at org.testng.internal.TestMethodWorker.invokeTestMethods(TestMethodWorker.java:126)
	at org.testng.internal.TestMethodWorker.run(TestMethodWorker.java:109)
	at org.testng.TestRunner.privateRun(TestRunner.java:744)
	at org.testng.TestRunner.run(TestRunner.java:602)
	at org.testng.SuiteRunner.runTest(SuiteRunner.java:380)
	at org.testng.SuiteRunner.runSequentially(SuiteRunner.java:375)
	at org.testng.SuiteRunner.privateRun(SuiteRunner.java:340)
	at org.testng.SuiteRunner.run(SuiteRunner.java:289)
	at org.testng.SuiteRunnerWorker.runSuite(SuiteRunnerWorker.java:52)
	at org.testng.SuiteRunnerWorker.run(SuiteRunnerWorker.java:86)
	at org.testng.TestNG.runSuitesSequentially(TestNG.java:1301)
	at org.testng.TestNG.runSuitesLocally(TestNG.java:1226)
	at org.testng.TestNG.runSuites(TestNG.java:1144)
	at org.testng.TestNG.run(TestNG.java:1115)
	at org.testng.remote.AbstractRemoteTestNG.run(AbstractRemoteTestNG.java:114)
	at org.testng.remote.RemoteTestNG.initAndRun(RemoteTestNG.java:251)
	at org.testng.remote.RemoteTestNG.main(RemoteTestNG.java:77)
]]>
            </full-stacktrace>
          </exception> <!-- java.lang.AssertionError -->
          <reporter-output>
          </reporter-output>
        </test-method> <!-- afterEachTestEnd -->
        <test-method status="SKIP" signature="beforeEachTestStart()[pri:0, instance:com.MercuryTours_Pages.A_MercuryTours_HomePage@c038203]" name="beforeEachTestStart" is-config="true" duration-ms="0" started-at="2019-05-21T14:10:25Z" finished-at="2019-05-21T14:10:25Z">
          <reporter-output>
          </reporter-output>
        </test-method> <!-- beforeEachTestStart -->
        <test-method status="SKIP" signature="signIn()[pri:1, instance:com.MercuryTours_Pages.A_MercuryTours_HomePage@c038203]" name="signIn" duration-ms="2" started-at="2019-05-21T14:10:25Z" finished-at="2019-05-21T14:10:25Z">
          <exception class="java.lang.AssertionError">
            <message>
              <![CDATA[expected [true] but found [false]]]>
            </message>
            <full-stacktrace>
              <![CDATA[java.lang.AssertionError: expected [true] but found [false]
	at org.testng.Assert.fail(Assert.java:93)
	at org.testng.Assert.failNotEquals(Assert.java:512)
	at org.testng.Assert.assertTrue(Assert.java:41)
	at org.testng.Assert.assertTrue(Assert.java:51)
	at com.Library.seleniumRepository.screenShot(seleniumRepository.java:192)
	at com.Library.BasePage.afterEachTestEnd(BasePage.java:34)
	at sun.reflect.NativeMethodAccessorImpl.invoke0(Native Method)
	at sun.reflect.NativeMethodAccessorImpl.invoke(NativeMethodAccessorImpl.java:62)
	at sun.reflect.DelegatingMethodAccessorImpl.invoke(DelegatingMethodAccessorImpl.java:43)
	at java.lang.reflect.Method.invoke(Method.java:498)
	at org.testng.internal.MethodInvocationHelper.invokeMethod(MethodInvocationHelper.java:108)
	at org.testng.internal.Invoker.invokeConfigurationMethod(Invoker.java:523)
	at org.testng.internal.Invoker.invokeConfigurations(Invoker.java:224)
	at org.testng.internal.Invoker.invokeMethod(Invoker.java:723)
	at org.testng.internal.Invoker.invokeTestMethod(Invoker.java:869)
	at org.testng.internal.Invoker.invokeTestMethods(Invoker.java:1193)
	at org.testng.internal.TestMethodWorker.invokeTestMethods(TestMethodWorker.java:126)
	at org.testng.internal.TestMethodWorker.run(TestMethodWorker.java:109)
	at org.testng.TestRunner.privateRun(TestRunner.java:744)
	at org.testng.TestRunner.run(TestRunner.java:602)
	at org.testng.SuiteRunner.runTest(SuiteRunner.java:380)
	at org.testng.SuiteRunner.runSequentially(SuiteRunner.java:375)
	at org.testng.SuiteRunner.privateRun(SuiteRunner.java:340)
	at org.testng.SuiteRunner.run(SuiteRunner.java:289)
	at org.testng.SuiteRunnerWorker.runSuite(SuiteRunnerWorker.java:52)
	at org.testng.SuiteRunnerWorker.run(SuiteRunnerWorker.java:86)
	at org.testng.TestNG.runSuitesSequentially(TestNG.java:1301)
	at org.testng.TestNG.runSuitesLocally(TestNG.java:1226)
	at org.testng.TestNG.runSuites(TestNG.java:1144)
	at org.testng.TestNG.run(TestNG.java:1115)
	at org.testng.remote.AbstractRemoteTestNG.run(AbstractRemoteTestNG.java:114)
	at org.testng.remote.RemoteTestNG.initAndRun(RemoteTestNG.java:251)
	at org.testng.remote.RemoteTestNG.main(RemoteTestNG.java:77)
]]>
            </full-stacktrace>
          </exception> <!-- java.lang.AssertionError -->
          <reporter-output>
          </reporter-output>
        </test-method> <!-- signIn -->
      </class> <!-- com.MercuryTours_Pages.A_MercuryTours_HomePage -->
    </test> <!-- Test -->
  </suite> <!-- Suite -->
</testng-results>
